2019-09-08 18:05:15.195  INFO 57337 --- [main] com.example.demo.DemoApplication         : Starting DemoApplication on renliangdeMacBook-Pro.local with PID 57337 (/Users/renliang/Desktop/playGround/demo/target/classes started by renliang in /Users/renliang/Desktop/playGround/demo)
2019-09-08 18:05:15.200  INFO 57337 --- [main] com.example.demo.DemoApplication         : No active profile set, falling back to default profiles: default
2019-09-08 18:05:17.224  INFO 57337 --- [main] o.apache.catalina.core.StandardService   : Starting service [Tomcat]
2019-09-08 18:05:17.224  INFO 57337 --- [main] org.apache.catalina.core.StandardEngine  : Starting Servlet engine: [Apache Tomcat/9.0.24]
2019-09-08 18:05:17.446  INFO 57337 --- [main] o.a.c.c.C.[Tomcat].[localhost].[/]       : Initializing Spring embedded WebApplicationContext
2019-09-08 18:05:17.921  INFO 57337 --- [main] com.zaxxer.hikari.HikariDataSource       : HikariPool-1 - Starting...
2019-09-08 18:05:18.362  INFO 57337 --- [main] com.zaxxer.hikari.HikariDataSource       : HikariPool-1 - Start completed.
2019-09-08 18:05:18.904  INFO 57337 --- [main] com.example.demo.DemoApplication         : Started DemoApplication in 5.107 seconds (JVM running for 6.153)
2019-09-08 18:13:27.133  INFO 57337 --- [Thread-4] com.zaxxer.hikari.HikariDataSource       : HikariPool-1 - Shutdown initiated...
2019-09-08 18:13:27.151  INFO 57337 --- [Thread-4] com.zaxxer.hikari.HikariDataSource       : HikariPool-1 - Shutdown completed.
2019-09-08 18:13:32.347  INFO 58992 --- [main] com.example.demo.DemoApplication         : Starting DemoApplication on renliangdeMacBook-Pro.local with PID 58992 (/Users/renliang/Desktop/playGround/demo/target/classes started by renliang in /Users/renliang/Desktop/playGround/demo)
2019-09-08 18:13:32.353  INFO 58992 --- [main] com.example.demo.DemoApplication         : No active profile set, falling back to default profiles: default
2019-09-08 18:13:34.539  INFO 58992 --- [main] o.apache.catalina.core.StandardService   : Starting service [Tomcat]
2019-09-08 18:13:34.541  INFO 58992 --- [main] org.apache.catalina.core.StandardEngine  : Starting Servlet engine: [Apache Tomcat/9.0.24]
2019-09-08 18:13:34.786  INFO 58992 --- [main] o.a.c.c.C.[Tomcat].[localhost].[/]       : Initializing Spring embedded WebApplicationContext
2019-09-08 18:13:35.212  INFO 58992 --- [main] com.zaxxer.hikari.HikariDataSource       : HikariPool-1 - Starting...
2019-09-08 18:13:35.661  INFO 58992 --- [main] com.zaxxer.hikari.HikariDataSource       : HikariPool-1 - Start completed.
2019-09-08 18:13:36.195  INFO 58992 --- [main] com.example.demo.DemoApplication         : Started DemoApplication in 5.247 seconds (JVM running for 6.321)
2019-09-08 18:18:30.806  INFO 58992 --- [Thread-4] com.zaxxer.hikari.HikariDataSource       : HikariPool-1 - Shutdown initiated...
2019-09-08 18:18:30.814  INFO 58992 --- [Thread-4] com.zaxxer.hikari.HikariDataSource       : HikariPool-1 - Shutdown completed.
2019-09-08 18:19:38.370  INFO 60239 --- [main] com.example.demo.DemoApplication         : Starting DemoApplication on renliangdeMacBook-Pro.local with PID 60239 (/Users/renliang/Desktop/playGround/demo/target/classes started by renliang in /Users/renliang/Desktop/playGround/demo)
2019-09-08 18:19:38.376  INFO 60239 --- [main] com.example.demo.DemoApplication         : No active profile set, falling back to default profiles: default
2019-09-08 18:19:40.723  INFO 60239 --- [main] o.apache.catalina.core.StandardService   : Starting service [Tomcat]
2019-09-08 18:19:40.724  INFO 60239 --- [main] org.apache.catalina.core.StandardEngine  : Starting Servlet engine: [Apache Tomcat/9.0.24]
2019-09-08 18:19:40.895  INFO 60239 --- [main] o.a.c.c.C.[Tomcat].[localhost].[/]       : Initializing Spring embedded WebApplicationContext
2019-09-08 18:19:41.374  INFO 60239 --- [main] com.zaxxer.hikari.HikariDataSource       : HikariPool-1 - Starting...
2019-09-08 18:19:41.819  INFO 60239 --- [main] com.zaxxer.hikari.HikariDataSource       : HikariPool-1 - Start completed.
2019-09-08 18:19:42.445  INFO 60239 --- [main] com.example.demo.DemoApplication         : Started DemoApplication in 5.419 seconds (JVM running for 6.354)
2019-09-08 18:20:33.018  INFO 60239 --- [Thread-4] com.zaxxer.hikari.HikariDataSource       : HikariPool-1 - Shutdown initiated...
2019-09-08 18:20:33.029  INFO 60239 --- [Thread-4] com.zaxxer.hikari.HikariDataSource       : HikariPool-1 - Shutdown completed.
2019-09-08 18:20:45.746  INFO 60464 --- [main] com.example.demo.integrations.DemoApplicationTests    : Starting DemoApplicationTests on renliangdeMacBook-Pro.local with PID 60464 (started by renliang in /Users/renliang/Desktop/playGround/demo)
2019-09-08 18:20:45.757  INFO 60464 --- [main] com.example.demo.integrations.DemoApplicationTests    : No active profile set, falling back to default profiles: default
2019-09-08 18:20:48.653  INFO 60464 --- [main] o.apache.catalina.core.StandardService   : Starting service [Tomcat]
2019-09-08 18:20:48.654  INFO 60464 --- [main] org.apache.catalina.core.StandardEngine  : Starting Servlet engine: [Apache Tomcat/9.0.24]
2019-09-08 18:20:48.951  INFO 60464 --- [main] o.a.c.c.C.[Tomcat].[localhost].[/]       : Initializing Spring embedded WebApplicationContext
2019-09-08 18:20:50.075  INFO 60464 --- [main] com.zaxxer.hikari.HikariDataSource       : HikariPool-1 - Starting...
2019-09-08 18:20:50.479  INFO 60464 --- [main] com.zaxxer.hikari.HikariDataSource       : HikariPool-1 - Start completed.
2019-09-08 18:20:51.247  INFO 60464 --- [main] com.example.demo.integrations.DemoApplicationTests    : Started DemoApplicationTests in 6.788 seconds (JVM running for 9.033)
2019-09-08 18:20:53.409  INFO 60464 --- [Thread-4] com.zaxxer.hikari.HikariDataSource       : HikariPool-1 - Shutdown initiated...
2019-09-08 18:20:53.414  INFO 60464 --- [Thread-4] com.zaxxer.hikari.HikariDataSource       : HikariPool-1 - Shutdown completed.
2019-09-08 21:15:54.899  INFO 92866 --- [main] com.example.demo.integrations.DemoApplicationTests    : Starting DemoApplicationTests on renliangdeMacBook-Pro.local with PID 92866 (started by renliang in /Users/renliang/Desktop/playGround/demo)
2019-09-08 21:15:54.907  INFO 92866 --- [main] com.example.demo.integrations.DemoApplicationTests    : No active profile set, falling back to default profiles: default
2019-09-08 21:15:57.931  INFO 92866 --- [main] o.apache.catalina.core.StandardService   : Starting service [Tomcat]
2019-09-08 21:15:57.934  INFO 92866 --- [main] org.apache.catalina.core.StandardEngine  : Starting Servlet engine: [Apache Tomcat/9.0.24]
2019-09-08 21:15:58.693  INFO 92866 --- [main] o.a.c.c.C.[Tomcat].[localhost].[/]       : Initializing Spring embedded WebApplicationContext
2019-09-08 21:16:00.423  INFO 92866 --- [main] com.zaxxer.hikari.HikariDataSource       : HikariPool-1 - Starting...
2019-09-08 21:16:01.915  INFO 92866 --- [main] com.zaxxer.hikari.HikariDataSource       : HikariPool-1 - Start completed.
2019-09-08 21:16:03.192  WARN 92866 --- [main] ConfigServletWebServerApplicationContext : Exception encountered during context initialization - cancelling refresh attempt: org.springframework.beans.factory.UnsatisfiedDependencyException: Error creating bean with name 'checkOut' defined in file [/Users/renliang/Desktop/playGround/demo/target/classes/com/example/demo/endpoint/CheckOut.class]: Unsatisfied dependency expressed through constructor parameter 0; nested exception is org.springframework.beans.factory.UnsatisfiedDependencyException: Error creating bean with name 'watchService' defined in file [/Users/renliang/Desktop/playGround/demo/target/classes/com/example/demo/service/WatchService.class]: Unsatisfied dependency expressed through constructor parameter 1; nested exception is org.springframework.beans.factory.NoSuchBeanDefinitionException: No qualifying bean of type 'com.example.demo.helpers.WatchHelper' available: expected at least 1 bean which qualifies as autowire candidate. Dependency annotations: {}
2019-09-08 21:16:03.193  INFO 92866 --- [main] com.zaxxer.hikari.HikariDataSource       : HikariPool-1 - Shutdown initiated...
2019-09-08 21:16:03.218  INFO 92866 --- [main] com.zaxxer.hikari.HikariDataSource       : HikariPool-1 - Shutdown completed.
2019-09-08 21:16:03.229  INFO 92866 --- [main] o.apache.catalina.core.StandardService   : Stopping service [Tomcat]
2019-09-08 21:16:04.241 ERROR 92866 --- [main] o.s.b.d.LoggingFailureAnalysisReporter   : 

***************************
APPLICATION FAILED TO START
***************************

Description:

Parameter 1 of constructor in com.example.demo.service.WatchService required a bean of type 'com.example.demo.helpers.WatchHelper' that could not be found.


Action:

Consider defining a bean of type 'com.example.demo.helpers.WatchHelper' in your configuration.

2019-09-08 21:16:04.757  INFO 92866 --- [main] com.example.demo.integrations.DemoApplicationTests    : Starting DemoApplicationTests on renliangdeMacBook-Pro.local with PID 92866 (started by renliang in /Users/renliang/Desktop/playGround/demo)
2019-09-08 21:16:04.761  INFO 92866 --- [main] com.example.demo.integrations.DemoApplicationTests    : No active profile set, falling back to default profiles: default
2019-09-08 21:16:07.072  INFO 92866 --- [main] o.apache.catalina.core.StandardService   : Starting service [Tomcat]
2019-09-08 21:16:07.073  INFO 92866 --- [main] org.apache.catalina.core.StandardEngine  : Starting Servlet engine: [Apache Tomcat/9.0.24]
2019-09-08 21:16:07.137  INFO 92866 --- [main] o.a.c.c.C.[Tomcat-1].[localhost].[/]     : Initializing Spring embedded WebApplicationContext
2019-09-08 21:16:07.919  INFO 92866 --- [main] com.zaxxer.hikari.HikariDataSource       : HikariPool-2 - Starting...
2019-09-08 21:16:07.925  INFO 92866 --- [main] com.zaxxer.hikari.HikariDataSource       : HikariPool-2 - Start completed.
2019-09-08 21:16:07.994  WARN 92866 --- [main] ConfigServletWebServerApplicationContext : Exception encountered during context initialization - cancelling refresh attempt: org.springframework.beans.factory.UnsatisfiedDependencyException: Error creating bean with name 'checkOut' defined in file [/Users/renliang/Desktop/playGround/demo/target/classes/com/example/demo/endpoint/CheckOut.class]: Unsatisfied dependency expressed through constructor parameter 0; nested exception is org.springframework.beans.factory.UnsatisfiedDependencyException: Error creating bean with name 'watchService' defined in file [/Users/renliang/Desktop/playGround/demo/target/classes/com/example/demo/service/WatchService.class]: Unsatisfied dependency expressed through constructor parameter 1; nested exception is org.springframework.beans.factory.NoSuchBeanDefinitionException: No qualifying bean of type 'com.example.demo.helpers.WatchHelper' available: expected at least 1 bean which qualifies as autowire candidate. Dependency annotations: {}
2019-09-08 21:16:07.995  INFO 92866 --- [main] com.zaxxer.hikari.HikariDataSource       : HikariPool-2 - Shutdown initiated...
2019-09-08 21:16:08.015  INFO 92866 --- [main] com.zaxxer.hikari.HikariDataSource       : HikariPool-2 - Shutdown completed.
2019-09-08 21:16:08.020  INFO 92866 --- [main] o.apache.catalina.core.StandardService   : Stopping service [Tomcat]
2019-09-08 21:16:08.421 ERROR 92866 --- [main] o.s.b.d.LoggingFailureAnalysisReporter   : 

***************************
APPLICATION FAILED TO START
***************************

Description:

Parameter 1 of constructor in com.example.demo.service.WatchService required a bean of type 'com.example.demo.helpers.WatchHelper' that could not be found.


Action:

Consider defining a bean of type 'com.example.demo.helpers.WatchHelper' in your configuration.

2019-09-08 21:16:08.454 ERROR 92866 --- [main] o.s.test.context.TestContextManager      : Caught exception while allowing TestExecutionListener [org.springframework.boot.test.autoconfigure.SpringBootDependencyInjectionTestExecutionListener@6b927fb] to prepare test instance [com.example.demo.integrations.DemoApplicationTests@409bf450]

java.lang.IllegalStateException: Failed to load ApplicationContext
	at org.springframework.test.context.cache.DefaultCacheAwareContextLoaderDelegate.loadContext(DefaultCacheAwareContextLoaderDelegate.java:125) ~[spring-test-5.1.9.RELEASE.jar:5.1.9.RELEASE]
	at org.springframework.test.context.support.DefaultTestContext.getApplicationContext(DefaultTestContext.java:108) ~[spring-test-5.1.9.RELEASE.jar:5.1.9.RELEASE]
	at org.springframework.test.context.support.DependencyInjectionTestExecutionListener.injectDependencies(DependencyInjectionTestExecutionListener.java:118) ~[spring-test-5.1.9.RELEASE.jar:5.1.9.RELEASE]
	at org.springframework.test.context.support.DependencyInjectionTestExecutionListener.prepareTestInstance(DependencyInjectionTestExecutionListener.java:83) ~[spring-test-5.1.9.RELEASE.jar:5.1.9.RELEASE]
	at org.springframework.boot.test.autoconfigure.SpringBootDependencyInjectionTestExecutionListener.prepareTestInstance(SpringBootDependencyInjectionTestExecutionListener.java:43) ~[spring-boot-test-autoconfigure-2.1.8.RELEASE.jar:2.1.8.RELEASE]
	at org.springframework.test.context.TestContextManager.prepareTestInstance(TestContextManager.java:246) ~[spring-test-5.1.9.RELEASE.jar:5.1.9.RELEASE]
	at org.springframework.test.context.junit4.SpringJUnit4ClassRunner.createTest(SpringJUnit4ClassRunner.java:227) [spring-test-5.1.9.RELEASE.jar:5.1.9.RELEASE]
	at org.springframework.test.context.junit4.SpringJUnit4ClassRunner$1.runReflectiveCall(SpringJUnit4ClassRunner.java:289) [spring-test-5.1.9.RELEASE.jar:5.1.9.RELEASE]
	at org.junit.internal.runners.model.ReflectiveCallable.run(ReflectiveCallable.java:12) [junit-4.12.jar:4.12]
	at org.springframework.test.context.junit4.SpringJUnit4ClassRunner.methodBlock(SpringJUnit4ClassRunner.java:291) [spring-test-5.1.9.RELEASE.jar:5.1.9.RELEASE]
	at org.springframework.test.context.junit4.SpringJUnit4ClassRunner.runChild(SpringJUnit4ClassRunner.java:246) [spring-test-5.1.9.RELEASE.jar:5.1.9.RELEASE]
	at org.springframework.test.context.junit4.SpringJUnit4ClassRunner.runChild(SpringJUnit4ClassRunner.java:97) [spring-test-5.1.9.RELEASE.jar:5.1.9.RELEASE]
	at org.junit.runners.ParentRunner$3.run(ParentRunner.java:290) [junit-4.12.jar:4.12]
	at org.junit.runners.ParentRunner$1.schedule(ParentRunner.java:71) [junit-4.12.jar:4.12]
	at org.junit.runners.ParentRunner.runChildren(ParentRunner.java:288) [junit-4.12.jar:4.12]
	at org.junit.runners.ParentRunner.access$000(ParentRunner.java:58) [junit-4.12.jar:4.12]
	at org.junit.runners.ParentRunner$2.evaluate(ParentRunner.java:268) [junit-4.12.jar:4.12]
	at org.springframework.test.context.junit4.statements.RunBeforeTestClassCallbacks.evaluate(RunBeforeTestClassCallbacks.java:61) [spring-test-5.1.9.RELEASE.jar:5.1.9.RELEASE]
	at org.springframework.test.context.junit4.statements.RunAfterTestClassCallbacks.evaluate(RunAfterTestClassCallbacks.java:70) [spring-test-5.1.9.RELEASE.jar:5.1.9.RELEASE]
	at org.junit.runners.ParentRunner.run(ParentRunner.java:363) [junit-4.12.jar:4.12]
	at org.springframework.test.context.junit4.SpringJUnit4ClassRunner.run(SpringJUnit4ClassRunner.java:190) [spring-test-5.1.9.RELEASE.jar:5.1.9.RELEASE]
	at org.junit.runner.JUnitCore.run(JUnitCore.java:137) [junit-4.12.jar:4.12]
	at com.intellij.junit4.JUnit4IdeaTestRunner.startRunnerWithArgs(JUnit4IdeaTestRunner.java:119) [junit-rt.jar:na]
	at com.intellij.junit4.JUnit4IdeaTestRunner.startRunnerWithArgs(JUnit4IdeaTestRunner.java:42) [junit-rt.jar:na]
	at com.intellij.rt.execution.junit.JUnitStarter.prepareStreamsAndStart(JUnitStarter.java:234) [junit-rt.jar:na]
	at com.intellij.rt.execution.junit.JUnitStarter.main(JUnitStarter.java:74) [junit-rt.jar:na]
	at sun.reflect.NativeMethodAccessorImpl.invoke0(Native Method) ~[na:1.8.0_91]
	at sun.reflect.NativeMethodAccessorImpl.invoke(NativeMethodAccessorImpl.java:62) ~[na:1.8.0_91]
	at sun.reflect.DelegatingMethodAccessorImpl.invoke(DelegatingMethodAccessorImpl.java:43) ~[na:1.8.0_91]
	at java.lang.reflect.Method.invoke(Method.java:498) ~[na:1.8.0_91]
	at com.intellij.rt.execution.application.AppMain.main(AppMain.java:144) [idea_rt.jar:na]
Caused by: org.springframework.beans.factory.UnsatisfiedDependencyException: Error creating bean with name 'checkOut' defined in file [/Users/renliang/Desktop/playGround/demo/target/classes/com/example/demo/endpoint/CheckOut.class]: Unsatisfied dependency expressed through constructor parameter 0; nested exception is org.springframework.beans.factory.UnsatisfiedDependencyException: Error creating bean with name 'watchService' defined in file [/Users/renliang/Desktop/playGround/demo/target/classes/com/example/demo/service/WatchService.class]: Unsatisfied dependency expressed through constructor parameter 1; nested exception is org.springframework.beans.factory.NoSuchBeanDefinitionException: No qualifying bean of type 'com.example.demo.helpers.WatchHelper' available: expected at least 1 bean which qualifies as autowire candidate. Dependency annotations: {}
	at org.springframework.beans.factory.support.ConstructorResolver.createArgumentArray(ConstructorResolver.java:769) ~[spring-beans-5.1.9.RELEASE.jar:5.1.9.RELEASE]
	at org.springframework.beans.factory.support.ConstructorResolver.autowireConstructor(ConstructorResolver.java:218) ~[spring-beans-5.1.9.RELEASE.jar:5.1.9.RELEASE]
	at org.springframework.beans.factory.support.AbstractAutowireCapableBeanFactory.autowireConstructor(AbstractAutowireCapableBeanFactory.java:1341) ~[spring-beans-5.1.9.RELEASE.jar:5.1.9.RELEASE]
	at org.springframework.beans.factory.support.AbstractAutowireCapableBeanFactory.createBeanInstance(AbstractAutowireCapableBeanFactory.java:1187) ~[spring-beans-5.1.9.RELEASE.jar:5.1.9.RELEASE]
	at org.springframework.beans.factory.support.AbstractAutowireCapableBeanFactory.doCreateBean(AbstractAutowireCapableBeanFactory.java:555) ~[spring-beans-5.1.9.RELEASE.jar:5.1.9.RELEASE]
	at org.springframework.beans.factory.support.AbstractAutowireCapableBeanFactory.createBean(AbstractAutowireCapableBeanFactory.java:515) ~[spring-beans-5.1.9.RELEASE.jar:5.1.9.RELEASE]
	at org.springframework.beans.factory.support.AbstractBeanFactory.lambda$doGetBean$0(AbstractBeanFactory.java:320) ~[spring-beans-5.1.9.RELEASE.jar:5.1.9.RELEASE]
	at org.springframework.beans.factory.support.DefaultSingletonBeanRegistry.getSingleton(DefaultSingletonBeanRegistry.java:222) ~[spring-beans-5.1.9.RELEASE.jar:5.1.9.RELEASE]
	at org.springframework.beans.factory.support.AbstractBeanFactory.doGetBean(AbstractBeanFactory.java:318) ~[spring-beans-5.1.9.RELEASE.jar:5.1.9.RELEASE]
	at org.springframework.beans.factory.support.AbstractBeanFactory.getBean(AbstractBeanFactory.java:199) ~[spring-beans-5.1.9.RELEASE.jar:5.1.9.RELEASE]
	at org.springframework.beans.factory.support.DefaultListableBeanFactory.preInstantiateSingletons(DefaultListableBeanFactory.java:845) ~[spring-beans-5.1.9.RELEASE.jar:5.1.9.RELEASE]
	at org.springframework.context.support.AbstractApplicationContext.finishBeanFactoryInitialization(AbstractApplicationContext.java:877) ~[spring-context-5.1.9.RELEASE.jar:5.1.9.RELEASE]
	at org.springframework.context.support.AbstractApplicationContext.refresh(AbstractApplicationContext.java:549) ~[spring-context-5.1.9.RELEASE.jar:5.1.9.RELEASE]
	at org.springframework.boot.web.servlet.context.ServletWebServerApplicationContext.refresh(ServletWebServerApplicationContext.java:141) ~[spring-boot-2.1.8.RELEASE.jar:2.1.8.RELEASE]
	at org.springframework.boot.SpringApplication.refresh(SpringApplication.java:744) ~[spring-boot-2.1.8.RELEASE.jar:2.1.8.RELEASE]
	at org.springframework.boot.SpringApplication.refreshContext(SpringApplication.java:391) ~[spring-boot-2.1.8.RELEASE.jar:2.1.8.RELEASE]
	at org.springframework.boot.SpringApplication.run(SpringApplication.java:312) ~[spring-boot-2.1.8.RELEASE.jar:2.1.8.RELEASE]
	at org.springframework.boot.test.context.SpringBootContextLoader.loadContext(SpringBootContextLoader.java:120) ~[spring-boot-test-2.1.8.RELEASE.jar:2.1.8.RELEASE]
	at org.springframework.test.context.cache.DefaultCacheAwareContextLoaderDelegate.loadContextInternal(DefaultCacheAwareContextLoaderDelegate.java:99) ~[spring-test-5.1.9.RELEASE.jar:5.1.9.RELEASE]
	at org.springframework.test.context.cache.DefaultCacheAwareContextLoaderDelegate.loadContext(DefaultCacheAwareContextLoaderDelegate.java:117) ~[spring-test-5.1.9.RELEASE.jar:5.1.9.RELEASE]
	... 30 common frames omitted
Caused by: org.springframework.beans.factory.UnsatisfiedDependencyException: Error creating bean with name 'watchService' defined in file [/Users/renliang/Desktop/playGround/demo/target/classes/com/example/demo/service/WatchService.class]: Unsatisfied dependency expressed through constructor parameter 1; nested exception is org.springframework.beans.factory.NoSuchBeanDefinitionException: No qualifying bean of type 'com.example.demo.helpers.WatchHelper' available: expected at least 1 bean which qualifies as autowire candidate. Dependency annotations: {}
	at org.springframework.beans.factory.support.ConstructorResolver.createArgumentArray(ConstructorResolver.java:769) ~[spring-beans-5.1.9.RELEASE.jar:5.1.9.RELEASE]
	at org.springframework.beans.factory.support.ConstructorResolver.autowireConstructor(ConstructorResolver.java:218) ~[spring-beans-5.1.9.RELEASE.jar:5.1.9.RELEASE]
	at org.springframework.beans.factory.support.AbstractAutowireCapableBeanFactory.autowireConstructor(AbstractAutowireCapableBeanFactory.java:1341) ~[spring-beans-5.1.9.RELEASE.jar:5.1.9.RELEASE]
	at org.springframework.beans.factory.support.AbstractAutowireCapableBeanFactory.createBeanInstance(AbstractAutowireCapableBeanFactory.java:1187) ~[spring-beans-5.1.9.RELEASE.jar:5.1.9.RELEASE]
	at org.springframework.beans.factory.support.AbstractAutowireCapableBeanFactory.doCreateBean(AbstractAutowireCapableBeanFactory.java:555) ~[spring-beans-5.1.9.RELEASE.jar:5.1.9.RELEASE]
	at org.springframework.beans.factory.support.AbstractAutowireCapableBeanFactory.createBean(AbstractAutowireCapableBeanFactory.java:515) ~[spring-beans-5.1.9.RELEASE.jar:5.1.9.RELEASE]
	at org.springframework.beans.factory.support.AbstractBeanFactory.lambda$doGetBean$0(AbstractBeanFactory.java:320) ~[spring-beans-5.1.9.RELEASE.jar:5.1.9.RELEASE]
	at org.springframework.beans.factory.support.DefaultSingletonBeanRegistry.getSingleton(DefaultSingletonBeanRegistry.java:222) ~[spring-beans-5.1.9.RELEASE.jar:5.1.9.RELEASE]
	at org.springframework.beans.factory.support.AbstractBeanFactory.doGetBean(AbstractBeanFactory.java:318) ~[spring-beans-5.1.9.RELEASE.jar:5.1.9.RELEASE]
	at org.springframework.beans.factory.support.AbstractBeanFactory.getBean(AbstractBeanFactory.java:199) ~[spring-beans-5.1.9.RELEASE.jar:5.1.9.RELEASE]
	at org.springframework.beans.factory.config.DependencyDescriptor.resolveCandidate(DependencyDescriptor.java:277) ~[spring-beans-5.1.9.RELEASE.jar:5.1.9.RELEASE]
	at org.springframework.beans.factory.support.DefaultListableBeanFactory.doResolveDependency(DefaultListableBeanFactory.java:1251) ~[spring-beans-5.1.9.RELEASE.jar:5.1.9.RELEASE]
	at org.springframework.beans.factory.support.DefaultListableBeanFactory.resolveDependency(DefaultListableBeanFactory.java:1171) ~[spring-beans-5.1.9.RELEASE.jar:5.1.9.RELEASE]
	at org.springframework.beans.factory.support.ConstructorResolver.resolveAutowiredArgument(ConstructorResolver.java:857) ~[spring-beans-5.1.9.RELEASE.jar:5.1.9.RELEASE]
	at org.springframework.beans.factory.support.ConstructorResolver.createArgumentArray(ConstructorResolver.java:760) ~[spring-beans-5.1.9.RELEASE.jar:5.1.9.RELEASE]
	... 49 common frames omitted
Caused by: org.springframework.beans.factory.NoSuchBeanDefinitionException: No qualifying bean of type 'com.example.demo.helpers.WatchHelper' available: expected at least 1 bean which qualifies as autowire candidate. Dependency annotations: {}
	at org.springframework.beans.factory.support.DefaultListableBeanFactory.raiseNoMatchingBeanFound(DefaultListableBeanFactory.java:1658) ~[spring-beans-5.1.9.RELEASE.jar:5.1.9.RELEASE]
	at org.springframework.beans.factory.support.DefaultListableBeanFactory.doResolveDependency(DefaultListableBeanFactory.java:1217) ~[spring-beans-5.1.9.RELEASE.jar:5.1.9.RELEASE]
	at org.springframework.beans.factory.support.DefaultListableBeanFactory.resolveDependency(DefaultListableBeanFactory.java:1171) ~[spring-beans-5.1.9.RELEASE.jar:5.1.9.RELEASE]
	at org.springframework.beans.factory.support.ConstructorResolver.resolveAutowiredArgument(ConstructorResolver.java:857) ~[spring-beans-5.1.9.RELEASE.jar:5.1.9.RELEASE]
	at org.springframework.beans.factory.support.ConstructorResolver.createArgumentArray(ConstructorResolver.java:760) ~[spring-beans-5.1.9.RELEASE.jar:5.1.9.RELEASE]
	... 63 common frames omitted

2019-09-08 21:16:46.334  INFO 93001 --- [main] com.example.demo.integrations.DemoApplicationTests    : Starting DemoApplicationTests on renliangdeMacBook-Pro.local with PID 93001 (started by renliang in /Users/renliang/Desktop/playGround/demo)
2019-09-08 21:16:46.337  INFO 93001 --- [main] com.example.demo.integrations.DemoApplicationTests    : No active profile set, falling back to default profiles: default
2019-09-08 21:16:49.169  INFO 93001 --- [main] o.apache.catalina.core.StandardService   : Starting service [Tomcat]
2019-09-08 21:16:49.170  INFO 93001 --- [main] org.apache.catalina.core.StandardEngine  : Starting Servlet engine: [Apache Tomcat/9.0.24]
2019-09-08 21:16:49.516  INFO 93001 --- [main] o.a.c.c.C.[Tomcat].[localhost].[/]       : Initializing Spring embedded WebApplicationContext
2019-09-08 21:16:50.390  INFO 93001 --- [main] com.zaxxer.hikari.HikariDataSource       : HikariPool-1 - Starting...
2019-09-08 21:16:50.775  INFO 93001 --- [main] com.zaxxer.hikari.HikariDataSource       : HikariPool-1 - Start completed.
2019-09-08 21:16:51.781  INFO 93001 --- [main] com.example.demo.integrations.DemoApplicationTests    : Started DemoApplicationTests in 7.031 seconds (JVM running for 11.264)
2019-09-08 21:16:53.987  INFO 93001 --- [Thread-4] com.zaxxer.hikari.HikariDataSource       : HikariPool-1 - Shutdown initiated...
2019-09-08 21:16:53.997  INFO 93001 --- [Thread-4] com.zaxxer.hikari.HikariDataSource       : HikariPool-1 - Shutdown completed.
2019-09-08 21:17:39.634  INFO 93155 --- [main] com.example.demo.integrations.DemoApplicationTests    : Starting DemoApplicationTests on renliangdeMacBook-Pro.local with PID 93155 (started by renliang in /Users/renliang/Desktop/playGround/demo)
2019-09-08 21:17:39.637  INFO 93155 --- [main] com.example.demo.integrations.DemoApplicationTests    : No active profile set, falling back to default profiles: default
2019-09-08 21:17:42.623  INFO 93155 --- [main] o.apache.catalina.core.StandardService   : Starting service [Tomcat]
2019-09-08 21:17:42.624  INFO 93155 --- [main] org.apache.catalina.core.StandardEngine  : Starting Servlet engine: [Apache Tomcat/9.0.24]
2019-09-08 21:17:42.820  INFO 93155 --- [main] o.a.c.c.C.[Tomcat].[localhost].[/]       : Initializing Spring embedded WebApplicationContext
2019-09-08 21:17:43.681  INFO 93155 --- [main] com.zaxxer.hikari.HikariDataSource       : HikariPool-1 - Starting...
2019-09-08 21:17:44.083  INFO 93155 --- [main] com.zaxxer.hikari.HikariDataSource       : HikariPool-1 - Start completed.
2019-09-08 21:17:45.040  INFO 93155 --- [main] com.example.demo.integrations.DemoApplicationTests    : Started DemoApplicationTests in 6.794 seconds (JVM running for 9.096)
2019-09-08 21:17:46.825  INFO 93155 --- [Thread-4] com.zaxxer.hikari.HikariDataSource       : HikariPool-1 - Shutdown initiated...
2019-09-08 21:17:46.833  INFO 93155 --- [Thread-4] com.zaxxer.hikari.HikariDataSource       : HikariPool-1 - Shutdown completed.
2019-09-08 21:25:08.856  INFO 94488 --- [main] com.example.demo.integrations.DemoApplicationTests    : Starting DemoApplicationTests on renliangdeMacBook-Pro.local with PID 94488 (started by renliang in /Users/renliang/Desktop/playGround/demo)
2019-09-08 21:25:08.860  INFO 94488 --- [main] com.example.demo.integrations.DemoApplicationTests    : No active profile set, falling back to default profiles: default
2019-09-08 21:25:11.454  INFO 94488 --- [main] o.apache.catalina.core.StandardService   : Starting service [Tomcat]
2019-09-08 21:25:11.455  INFO 94488 --- [main] org.apache.catalina.core.StandardEngine  : Starting Servlet engine: [Apache Tomcat/9.0.24]
2019-09-08 21:25:11.643  INFO 94488 --- [main] o.a.c.c.C.[Tomcat].[localhost].[/]       : Initializing Spring embedded WebApplicationContext
2019-09-08 21:25:12.701  INFO 94488 --- [main] com.zaxxer.hikari.HikariDataSource       : HikariPool-1 - Starting...
2019-09-08 21:25:13.041  INFO 94488 --- [main] com.zaxxer.hikari.HikariDataSource       : HikariPool-1 - Start completed.
2019-09-08 21:25:14.037  INFO 94488 --- [main] com.example.demo.integrations.DemoApplicationTests    : Started DemoApplicationTests in 6.461 seconds (JVM running for 8.806)
2019-09-08 21:25:15.942  INFO 94488 --- [Thread-4] com.zaxxer.hikari.HikariDataSource       : HikariPool-1 - Shutdown initiated...
2019-09-08 21:25:15.947  INFO 94488 --- [Thread-4] com.zaxxer.hikari.HikariDataSource       : HikariPool-1 - Shutdown completed.
2019-09-08 21:25:46.504  INFO 94594 --- [main] com.example.demo.integrations.DemoApplicationTests    : Starting DemoApplicationTests on renliangdeMacBook-Pro.local with PID 94594 (started by renliang in /Users/renliang/Desktop/playGround/demo)
2019-09-08 21:25:46.513  INFO 94594 --- [main] com.example.demo.integrations.DemoApplicationTests    : No active profile set, falling back to default profiles: default
2019-09-08 21:25:49.108  INFO 94594 --- [main] o.apache.catalina.core.StandardService   : Starting service [Tomcat]
2019-09-08 21:25:49.109  INFO 94594 --- [main] org.apache.catalina.core.StandardEngine  : Starting Servlet engine: [Apache Tomcat/9.0.24]
2019-09-08 21:25:49.288  INFO 94594 --- [main] o.a.c.c.C.[Tomcat].[localhost].[/]       : Initializing Spring embedded WebApplicationContext
2019-09-08 21:25:50.289  INFO 94594 --- [main] com.zaxxer.hikari.HikariDataSource       : HikariPool-1 - Starting...
2019-09-08 21:25:50.704  INFO 94594 --- [main] com.zaxxer.hikari.HikariDataSource       : HikariPool-1 - Start completed.
2019-09-08 21:25:51.843  INFO 94594 --- [main] com.example.demo.integrations.DemoApplicationTests    : Started DemoApplicationTests in 6.695 seconds (JVM running for 8.727)
2019-09-08 21:25:53.555  INFO 94594 --- [Thread-4] com.zaxxer.hikari.HikariDataSource       : HikariPool-1 - Shutdown initiated...
2019-09-08 21:25:53.567  INFO 94594 --- [Thread-4] com.zaxxer.hikari.HikariDataSource       : HikariPool-1 - Shutdown completed.
2019-09-08 21:27:17.395  INFO 94874 --- [main] com.example.demo.DemoApplication         : Starting DemoApplication on renliangdeMacBook-Pro.local with PID 94874 (/Users/renliang/Desktop/playGround/demo/target/classes started by renliang in /Users/renliang/Desktop/playGround/demo)
2019-09-08 21:27:17.404  INFO 94874 --- [main] com.example.demo.DemoApplication         : No active profile set, falling back to default profiles: default
2019-09-08 21:27:19.666  INFO 94874 --- [main] o.apache.catalina.core.StandardService   : Starting service [Tomcat]
2019-09-08 21:27:19.667  INFO 94874 --- [main] org.apache.catalina.core.StandardEngine  : Starting Servlet engine: [Apache Tomcat/9.0.24]
2019-09-08 21:27:19.914  INFO 94874 --- [main] o.a.c.c.C.[Tomcat].[localhost].[/]       : Initializing Spring embedded WebApplicationContext
2019-09-08 21:27:20.408  INFO 94874 --- [main] com.zaxxer.hikari.HikariDataSource       : HikariPool-1 - Starting...
2019-09-08 21:27:20.788  INFO 94874 --- [main] com.zaxxer.hikari.HikariDataSource       : HikariPool-1 - Start completed.
2019-09-08 21:27:21.518  INFO 94874 --- [main] com.example.demo.DemoApplication         : Started DemoApplication in 5.642 seconds (JVM running for 6.723)
2019-09-08 21:29:06.597 ERROR 94874 --- [http-nio-8086-exec-4] o.a.c.c.C.[.[.[.[.e.d.c.JerseyConfig]    : Servlet.service() for servlet [com.example.demo.config.JerseyConfig] in context with path [] threw exception [org.mybatis.spring.MyBatisSystemException: nested exception is org.apache.ibatis.executor.ExecutorException: No constructor found in com.example.demo.model.Watch matching [java.lang.Integer, java.lang.String, java.lang.String, java.lang.Integer, java.lang.Integer, java.lang.Integer]] with root cause

org.apache.ibatis.executor.ExecutorException: No constructor found in com.example.demo.model.Watch matching [java.lang.Integer, java.lang.String, java.lang.String, java.lang.Integer, java.lang.Integer, java.lang.Integer]
	at org.apache.ibatis.executor.resultset.DefaultResultSetHandler.createByConstructorSignature(DefaultResultSetHandler.java:660) ~[mybatis-3.4.4.jar:3.4.4]
	at org.apache.ibatis.executor.resultset.DefaultResultSetHandler.createResultObject(DefaultResultSetHandler.java:613) ~[mybatis-3.4.4.jar:3.4.4]
	at org.apache.ibatis.executor.resultset.DefaultResultSetHandler.createResultObject(DefaultResultSetHandler.java:586) ~[mybatis-3.4.4.jar:3.4.4]
	at org.apache.ibatis.executor.resultset.DefaultResultSetHandler.getRowValue(DefaultResultSetHandler.java:388) ~[mybatis-3.4.4.jar:3.4.4]
	at org.apache.ibatis.executor.resultset.DefaultResultSetHandler.handleRowValuesForSimpleResultMap(DefaultResultSetHandler.java:347) ~[mybatis-3.4.4.jar:3.4.4]
	at org.apache.ibatis.executor.resultset.DefaultResultSetHandler.handleRowValues(DefaultResultSetHandler.java:322) ~[mybatis-3.4.4.jar:3.4.4]
	at org.apache.ibatis.executor.resultset.DefaultResultSetHandler.handleResultSet(DefaultResultSetHandler.java:295) ~[mybatis-3.4.4.jar:3.4.4]
	at org.apache.ibatis.executor.resultset.DefaultResultSetHandler.handleResultSets(DefaultResultSetHandler.java:192) ~[mybatis-3.4.4.jar:3.4.4]
	at org.apache.ibatis.executor.statement.PreparedStatementHandler.query(PreparedStatementHandler.java:64) ~[mybatis-3.4.4.jar:3.4.4]
	at org.apache.ibatis.executor.statement.RoutingStatementHandler.query(RoutingStatementHandler.java:79) ~[mybatis-3.4.4.jar:3.4.4]
	at org.apache.ibatis.executor.SimpleExecutor.doQuery(SimpleExecutor.java:63) ~[mybatis-3.4.4.jar:3.4.4]
	at org.apache.ibatis.executor.BaseExecutor.queryFromDatabase(BaseExecutor.java:324) ~[mybatis-3.4.4.jar:3.4.4]
	at org.apache.ibatis.executor.BaseExecutor.query(BaseExecutor.java:156) ~[mybatis-3.4.4.jar:3.4.4]
	at org.apache.ibatis.executor.CachingExecutor.query(CachingExecutor.java:109) ~[mybatis-3.4.4.jar:3.4.4]
	at org.apache.ibatis.executor.CachingExecutor.query(CachingExecutor.java:83) ~[mybatis-3.4.4.jar:3.4.4]
	at org.apache.ibatis.session.defaults.DefaultSqlSession.selectList(DefaultSqlSession.java:148) ~[mybatis-3.4.4.jar:3.4.4]
	at org.apache.ibatis.session.defaults.DefaultSqlSession.selectList(DefaultSqlSession.java:141) ~[mybatis-3.4.4.jar:3.4.4]
	at sun.reflect.NativeMethodAccessorImpl.invoke0(Native Method) ~[na:1.8.0_91]
	at sun.reflect.NativeMethodAccessorImpl.invoke(NativeMethodAccessorImpl.java:62) ~[na:1.8.0_91]
	at sun.reflect.DelegatingMethodAccessorImpl.invoke(DelegatingMethodAccessorImpl.java:43) ~[na:1.8.0_91]
	at java.lang.reflect.Method.invoke(Method.java:498) ~[na:1.8.0_91]
	at org.mybatis.spring.SqlSessionTemplate$SqlSessionInterceptor.invoke(SqlSessionTemplate.java:433) ~[mybatis-spring-1.3.1.jar:1.3.1]
	at com.sun.proxy.$Proxy64.selectList(Unknown Source) ~[na:na]
	at org.mybatis.spring.SqlSessionTemplate.selectList(SqlSessionTemplate.java:230) ~[mybatis-spring-1.3.1.jar:1.3.1]
	at org.apache.ibatis.binding.MapperMethod.executeForMany(MapperMethod.java:137) ~[mybatis-3.4.4.jar:3.4.4]
	at org.apache.ibatis.binding.MapperMethod.execute(MapperMethod.java:75) ~[mybatis-3.4.4.jar:3.4.4]
	at org.apache.ibatis.binding.MapperProxy.invoke(MapperProxy.java:59) ~[mybatis-3.4.4.jar:3.4.4]
	at com.sun.proxy.$Proxy66.selectWatchesInfoByWatchNos(Unknown Source) ~[na:na]
	at sun.reflect.NativeMethodAccessorImpl.invoke0(Native Method) ~[na:1.8.0_91]
	at sun.reflect.NativeMethodAccessorImpl.invoke(NativeMethodAccessorImpl.java:62) ~[na:1.8.0_91]
	at sun.reflect.DelegatingMethodAccessorImpl.invoke(DelegatingMethodAccessorImpl.java:43) ~[na:1.8.0_91]
	at java.lang.reflect.Method.invoke(Method.java:498) ~[na:1.8.0_91]
	at org.springframework.aop.support.AopUtils.invokeJoinpointUsingReflection(AopUtils.java:343) ~[spring-aop-5.1.9.RELEASE.jar:5.1.9.RELEASE]
	at org.springframework.aop.framework.ReflectiveMethodInvocation.invokeJoinpoint(ReflectiveMethodInvocation.java:198) ~[spring-aop-5.1.9.RELEASE.jar:5.1.9.RELEASE]
	at org.springframework.aop.framework.ReflectiveMethodInvocation.proceed(ReflectiveMethodInvocation.java:163) ~[spring-aop-5.1.9.RELEASE.jar:5.1.9.RELEASE]
	at org.springframework.dao.support.PersistenceExceptionTranslationInterceptor.invoke(PersistenceExceptionTranslationInterceptor.java:139) ~[spring-tx-5.1.9.RELEASE.jar:5.1.9.RELEASE]
	at org.springframework.aop.framework.ReflectiveMethodInvocation.proceed(ReflectiveMethodInvocation.java:186) ~[spring-aop-5.1.9.RELEASE.jar:5.1.9.RELEASE]
	at org.springframework.aop.framework.JdkDynamicAopProxy.invoke(JdkDynamicAopProxy.java:212) ~[spring-aop-5.1.9.RELEASE.jar:5.1.9.RELEASE]
	at com.sun.proxy.$Proxy68.selectWatchesInfoByWatchNos(Unknown Source) ~[na:na]
	at com.example.demo.service.WatchService.getTotalPrice(WatchService.java:35) ~[classes/:na]
	at com.example.demo.endpoint.CheckOut.doCheckout(CheckOut.java:38) ~[classes/:na]
	at sun.reflect.NativeMethodAccessorImpl.invoke0(Native Method) ~[na:1.8.0_91]
	at sun.reflect.NativeMethodAccessorImpl.invoke(NativeMethodAccessorImpl.java:62) ~[na:1.8.0_91]
	at sun.reflect.DelegatingMethodAccessorImpl.invoke(DelegatingMethodAccessorImpl.java:43) ~[na:1.8.0_91]
	at java.lang.reflect.Method.invoke(Method.java:498) ~[na:1.8.0_91]
	at org.glassfish.jersey.server.model.internal.ResourceMethodInvocationHandlerFactory.lambda$static$0(ResourceMethodInvocationHandlerFactory.java:76) ~[jersey-server-2.27.jar:na]
	at org.glassfish.jersey.server.model.internal.AbstractJavaResourceMethodDispatcher$1.run(AbstractJavaResourceMethodDispatcher.java:148) ~[jersey-server-2.27.jar:na]
	at org.glassfish.jersey.server.model.internal.AbstractJavaResourceMethodDispatcher.invoke(AbstractJavaResourceMethodDispatcher.java:191) ~[jersey-server-2.27.jar:na]
	at org.glassfish.jersey.server.model.internal.JavaResourceMethodDispatcherProvider$TypeOutInvoker.doDispatch(JavaResourceMethodDispatcherProvider.java:243) ~[jersey-server-2.27.jar:na]
	at org.glassfish.jersey.server.model.internal.AbstractJavaResourceMethodDispatcher.dispatch(AbstractJavaResourceMethodDispatcher.java:103) ~[jersey-server-2.27.jar:na]
	at org.glassfish.jersey.server.model.ResourceMethodInvoker.invoke(ResourceMethodInvoker.java:493) ~[jersey-server-2.27.jar:na]
	at org.glassfish.jersey.server.model.ResourceMethodInvoker.apply(ResourceMethodInvoker.java:415) ~[jersey-server-2.27.jar:na]
	at org.glassfish.jersey.server.model.ResourceMethodInvoker.apply(ResourceMethodInvoker.java:104) ~[jersey-server-2.27.jar:na]
	at org.glassfish.jersey.server.ServerRuntime$1.run(ServerRuntime.java:277) ~[jersey-server-2.27.jar:na]
	at org.glassfish.jersey.internal.Errors$1.call(Errors.java:272) ~[jersey-common-2.27.jar:na]
	at org.glassfish.jersey.internal.Errors$1.call(Errors.java:268) ~[jersey-common-2.27.jar:na]
	at org.glassfish.jersey.internal.Errors.process(Errors.java:316) ~[jersey-common-2.27.jar:na]
	at org.glassfish.jersey.internal.Errors.process(Errors.java:298) ~[jersey-common-2.27.jar:na]
	at org.glassfish.jersey.internal.Errors.process(Errors.java:268) ~[jersey-common-2.27.jar:na]
	at org.glassfish.jersey.process.internal.RequestScope.runInScope(RequestScope.java:289) ~[jersey-common-2.27.jar:na]
	at org.glassfish.jersey.server.ServerRuntime.process(ServerRuntime.java:256) ~[jersey-server-2.27.jar:na]
	at org.glassfish.jersey.server.ApplicationHandler.handle(ApplicationHandler.java:703) ~[jersey-server-2.27.jar:na]
	at org.glassfish.jersey.servlet.WebComponent.serviceImpl(WebComponent.java:416) ~[jersey-container-servlet-core-2.27.jar:na]
	at org.glassfish.jersey.servlet.WebComponent.service(WebComponent.java:370) ~[jersey-container-servlet-core-2.27.jar:na]
	at org.glassfish.jersey.servlet.ServletContainer.service(ServletContainer.java:389) ~[jersey-container-servlet-core-2.27.jar:na]
	at org.glassfish.jersey.servlet.ServletContainer.service(ServletContainer.java:342) ~[jersey-container-servlet-core-2.27.jar:na]
	at org.glassfish.jersey.servlet.ServletContainer.service(ServletContainer.java:229) ~[jersey-container-servlet-core-2.27.jar:na]
	at org.apache.catalina.core.ApplicationFilterChain.internalDoFilter(ApplicationFilterChain.java:231) ~[tomcat-embed-core-9.0.24.jar:9.0.24]
	at org.apache.catalina.core.ApplicationFilterChain.doFilter(ApplicationFilterChain.java:166) ~[tomcat-embed-core-9.0.24.jar:9.0.24]
	at org.apache.tomcat.websocket.server.WsFilter.doFilter(WsFilter.java:53) ~[tomcat-embed-websocket-9.0.24.jar:9.0.24]
	at org.apache.catalina.core.ApplicationFilterChain.internalDoFilter(ApplicationFilterChain.java:193) ~[tomcat-embed-core-9.0.24.jar:9.0.24]
	at org.apache.catalina.core.ApplicationFilterChain.doFilter(ApplicationFilterChain.java:166) ~[tomcat-embed-core-9.0.24.jar:9.0.24]
	at org.springframework.web.filter.RequestContextFilter.doFilterInternal(RequestContextFilter.java:99) ~[spring-web-5.1.9.RELEASE.jar:5.1.9.RELEASE]
	at org.springframework.web.filter.OncePerRequestFilter.doFilter(OncePerRequestFilter.java:118) ~[spring-web-5.1.9.RELEASE.jar:5.1.9.RELEASE]
	at org.apache.catalina.core.ApplicationFilterChain.internalDoFilter(ApplicationFilterChain.java:193) ~[tomcat-embed-core-9.0.24.jar:9.0.24]
	at org.apache.catalina.core.ApplicationFilterChain.doFilter(ApplicationFilterChain.java:166) ~[tomcat-embed-core-9.0.24.jar:9.0.24]
	at org.springframework.web.filter.CharacterEncodingFilter.doFilterInternal(CharacterEncodingFilter.java:200) ~[spring-web-5.1.9.RELEASE.jar:5.1.9.RELEASE]
	at org.springframework.web.filter.OncePerRequestFilter.doFilter(OncePerRequestFilter.java:118) ~[spring-web-5.1.9.RELEASE.jar:5.1.9.RELEASE]
	at org.apache.catalina.core.ApplicationFilterChain.internalDoFilter(ApplicationFilterChain.java:193) ~[tomcat-embed-core-9.0.24.jar:9.0.24]
	at org.apache.catalina.core.ApplicationFilterChain.doFilter(ApplicationFilterChain.java:166) ~[tomcat-embed-core-9.0.24.jar:9.0.24]
	at org.apache.catalina.core.StandardWrapperValve.invoke(StandardWrapperValve.java:202) ~[tomcat-embed-core-9.0.24.jar:9.0.24]
	at org.apache.catalina.core.StandardContextValve.invoke(StandardContextValve.java:96) [tomcat-embed-core-9.0.24.jar:9.0.24]
	at org.apache.catalina.authenticator.AuthenticatorBase.invoke(AuthenticatorBase.java:526) [tomcat-embed-core-9.0.24.jar:9.0.24]
	at org.apache.catalina.core.StandardHostValve.invoke(StandardHostValve.java:139) [tomcat-embed-core-9.0.24.jar:9.0.24]
	at org.apache.catalina.valves.ErrorReportValve.invoke(ErrorReportValve.java:92) [tomcat-embed-core-9.0.24.jar:9.0.24]
	at org.apache.catalina.core.StandardEngineValve.invoke(StandardEngineValve.java:74) [tomcat-embed-core-9.0.24.jar:9.0.24]
	at org.apache.catalina.connector.CoyoteAdapter.service(CoyoteAdapter.java:343) [tomcat-embed-core-9.0.24.jar:9.0.24]
	at org.apache.coyote.http11.Http11Processor.service(Http11Processor.java:408) [tomcat-embed-core-9.0.24.jar:9.0.24]
	at org.apache.coyote.AbstractProcessorLight.process(AbstractProcessorLight.java:66) [tomcat-embed-core-9.0.24.jar:9.0.24]
	at org.apache.coyote.AbstractProtocol$ConnectionHandler.process(AbstractProtocol.java:860) [tomcat-embed-core-9.0.24.jar:9.0.24]
	at org.apache.tomcat.util.net.NioEndpoint$SocketProcessor.doRun(NioEndpoint.java:1587) [tomcat-embed-core-9.0.24.jar:9.0.24]
	at org.apache.tomcat.util.net.SocketProcessorBase.run(SocketProcessorBase.java:49) [tomcat-embed-core-9.0.24.jar:9.0.24]
	at java.util.concurrent.ThreadPoolExecutor.runWorker(ThreadPoolExecutor.java:1142) [na:1.8.0_91]
	at java.util.concurrent.ThreadPoolExecutor$Worker.run(ThreadPoolExecutor.java:617) [na:1.8.0_91]
	at org.apache.tomcat.util.threads.TaskThread$WrappingRunnable.run(TaskThread.java:61) [tomcat-embed-core-9.0.24.jar:9.0.24]
	at java.lang.Thread.run(Thread.java:745) [na:1.8.0_91]

2019-09-08 21:33:48.902  INFO 94874 --- [Thread-4] com.zaxxer.hikari.HikariDataSource       : HikariPool-1 - Shutdown initiated...
2019-09-08 21:33:48.943  INFO 94874 --- [Thread-4] com.zaxxer.hikari.HikariDataSource       : HikariPool-1 - Shutdown completed.
2019-09-08 21:33:55.062  INFO 95989 --- [main] com.example.demo.DemoApplication         : Starting DemoApplication on renliangdeMacBook-Pro.local with PID 95989 (/Users/renliang/Desktop/playGround/demo/target/classes started by renliang in /Users/renliang/Desktop/playGround/demo)
2019-09-08 21:33:55.087  INFO 95989 --- [main] com.example.demo.DemoApplication         : No active profile set, falling back to default profiles: default
2019-09-08 21:33:57.308  INFO 95989 --- [main] o.apache.catalina.core.StandardService   : Starting service [Tomcat]
2019-09-08 21:33:57.317  INFO 95989 --- [main] org.apache.catalina.core.StandardEngine  : Starting Servlet engine: [Apache Tomcat/9.0.24]
2019-09-08 21:33:57.613  INFO 95989 --- [main] o.a.c.c.C.[Tomcat].[localhost].[/]       : Initializing Spring embedded WebApplicationContext
2019-09-08 21:33:58.148  INFO 95989 --- [main] com.zaxxer.hikari.HikariDataSource       : HikariPool-1 - Starting...
2019-09-08 21:33:58.614  INFO 95989 --- [main] com.zaxxer.hikari.HikariDataSource       : HikariPool-1 - Start completed.
2019-09-08 21:33:59.290  INFO 95989 --- [main] com.example.demo.DemoApplication         : Started DemoApplication in 5.618 seconds (JVM running for 6.601)
2019-09-08 21:34:41.155  INFO 95989 --- [Thread-4] com.zaxxer.hikari.HikariDataSource       : HikariPool-1 - Shutdown initiated...
2019-09-08 21:34:41.160  INFO 95989 --- [Thread-4] com.zaxxer.hikari.HikariDataSource       : HikariPool-1 - Shutdown completed.
2019-09-08 21:35:36.497  INFO 96270 --- [main] com.example.demo.integrations.DemoApplicationTests    : Starting DemoApplicationTests on renliangdeMacBook-Pro.local with PID 96270 (started by renliang in /Users/renliang/Desktop/playGround/demo)
2019-09-08 21:35:36.502  INFO 96270 --- [main] com.example.demo.integrations.DemoApplicationTests    : No active profile set, falling back to default profiles: default
2019-09-08 21:35:39.080  INFO 96270 --- [main] o.apache.catalina.core.StandardService   : Starting service [Tomcat]
2019-09-08 21:35:39.080  INFO 96270 --- [main] org.apache.catalina.core.StandardEngine  : Starting Servlet engine: [Apache Tomcat/9.0.24]
2019-09-08 21:35:39.371  INFO 96270 --- [main] o.a.c.c.C.[Tomcat].[localhost].[/]       : Initializing Spring embedded WebApplicationContext
2019-09-08 21:35:40.728  INFO 96270 --- [main] com.zaxxer.hikari.HikariDataSource       : HikariPool-1 - Starting...
2019-09-08 21:35:41.379  INFO 96270 --- [main] com.zaxxer.hikari.HikariDataSource       : HikariPool-1 - Start completed.
2019-09-08 21:35:42.363  INFO 96270 --- [main] com.example.demo.integrations.DemoApplicationTests    : Started DemoApplicationTests in 7.659 seconds (JVM running for 9.763)
2019-09-08 21:35:44.072  INFO 96270 --- [Thread-4] com.zaxxer.hikari.HikariDataSource       : HikariPool-1 - Shutdown initiated...
2019-09-08 21:35:44.086  INFO 96270 --- [Thread-4] com.zaxxer.hikari.HikariDataSource       : HikariPool-1 - Shutdown completed.
2019-09-08 21:38:09.062  INFO 96658 --- [main] com.example.demo.integrations.DemoApplicationTests    : Starting DemoApplicationTests on renliangdeMacBook-Pro.local with PID 96658 (started by renliang in /Users/renliang/Desktop/playGround/demo)
2019-09-08 21:38:09.066  INFO 96658 --- [main] com.example.demo.integrations.DemoApplicationTests    : No active profile set, falling back to default profiles: default
2019-09-08 21:38:12.736  INFO 96658 --- [main] o.apache.catalina.core.StandardService   : Starting service [Tomcat]
2019-09-08 21:38:12.737  INFO 96658 --- [main] org.apache.catalina.core.StandardEngine  : Starting Servlet engine: [Apache Tomcat/9.0.24]
2019-09-08 21:38:13.178  INFO 96658 --- [main] o.a.c.c.C.[Tomcat].[localhost].[/]       : Initializing Spring embedded WebApplicationContext
2019-09-08 21:38:14.703  INFO 96658 --- [main] com.zaxxer.hikari.HikariDataSource       : HikariPool-1 - Starting...
2019-09-08 21:38:15.175  INFO 96658 --- [main] com.zaxxer.hikari.HikariDataSource       : HikariPool-1 - Start completed.
2019-09-08 21:38:16.699  INFO 96658 --- [main] com.example.demo.integrations.DemoApplicationTests    : Started DemoApplicationTests in 9.537 seconds (JVM running for 12.905)
2019-09-08 21:38:19.307  INFO 96658 --- [Thread-4] com.zaxxer.hikari.HikariDataSource       : HikariPool-1 - Shutdown initiated...
2019-09-08 21:38:19.313  INFO 96658 --- [Thread-4] com.zaxxer.hikari.HikariDataSource       : HikariPool-1 - Shutdown completed.
2019-09-08 21:40:29.512  INFO 97050 --- [main] com.example.demo.integrations.DemoApplicationTests    : Starting DemoApplicationTests on renliangdeMacBook-Pro.local with PID 97050 (started by renliang in /Users/renliang/Desktop/playGround/demo)
2019-09-08 21:40:29.515  INFO 97050 --- [main] com.example.demo.integrations.DemoApplicationTests    : No active profile set, falling back to default profiles: default
2019-09-08 21:40:32.463  INFO 97050 --- [main] o.apache.catalina.core.StandardService   : Starting service [Tomcat]
2019-09-08 21:40:32.464  INFO 97050 --- [main] org.apache.catalina.core.StandardEngine  : Starting Servlet engine: [Apache Tomcat/9.0.24]
2019-09-08 21:40:32.795  INFO 97050 --- [main] o.a.c.c.C.[Tomcat].[localhost].[/]       : Initializing Spring embedded WebApplicationContext
2019-09-08 21:40:33.776  INFO 97050 --- [main] com.zaxxer.hikari.HikariDataSource       : HikariPool-1 - Starting...
2019-09-08 21:40:34.249  INFO 97050 --- [main] com.zaxxer.hikari.HikariDataSource       : HikariPool-1 - Start completed.
2019-09-08 21:40:35.834  INFO 97050 --- [main] com.example.demo.integrations.DemoApplicationTests    : Started DemoApplicationTests in 7.758 seconds (JVM running for 10.018)
2019-09-08 21:40:38.177  INFO 97050 --- [Thread-4] com.zaxxer.hikari.HikariDataSource       : HikariPool-1 - Shutdown initiated...
2019-09-08 21:40:38.182  INFO 97050 --- [Thread-4] com.zaxxer.hikari.HikariDataSource       : HikariPool-1 - Shutdown completed.
2019-09-08 21:47:21.928  INFO 98208 --- [main] com.example.demo.integrations.DemoApplicationTests    : Starting DemoApplicationTests on renliangdeMacBook-Pro.local with PID 98208 (started by renliang in /Users/renliang/Desktop/playGround/demo)
2019-09-08 21:47:21.941  INFO 98208 --- [main] com.example.demo.integrations.DemoApplicationTests    : No active profile set, falling back to default profiles: default
2019-09-08 21:47:25.245  INFO 98208 --- [main] o.apache.catalina.core.StandardService   : Starting service [Tomcat]
2019-09-08 21:47:25.247  INFO 98208 --- [main] org.apache.catalina.core.StandardEngine  : Starting Servlet engine: [Apache Tomcat/9.0.24]
2019-09-08 21:47:25.717  INFO 98208 --- [main] o.a.c.c.C.[Tomcat].[localhost].[/]       : Initializing Spring embedded WebApplicationContext
2019-09-08 21:47:26.720  INFO 98208 --- [main] com.zaxxer.hikari.HikariDataSource       : HikariPool-1 - Starting...
2019-09-08 21:47:27.293  INFO 98208 --- [main] com.zaxxer.hikari.HikariDataSource       : HikariPool-1 - Start completed.
2019-09-08 21:47:28.951  INFO 98208 --- [main] com.example.demo.integrations.DemoApplicationTests    : Started DemoApplicationTests in 8.254 seconds (JVM running for 11.609)
2019-09-08 21:47:31.638  INFO 98208 --- [Thread-4] com.zaxxer.hikari.HikariDataSource       : HikariPool-1 - Shutdown initiated...
2019-09-08 21:47:31.657  INFO 98208 --- [Thread-4] com.zaxxer.hikari.HikariDataSource       : HikariPool-1 - Shutdown completed.
2019-09-08 21:55:00.961  INFO 99508 --- [main] com.example.demo.DemoApplication         : Starting DemoApplication on renliangdeMacBook-Pro.local with PID 99508 (/Users/renliang/Desktop/playGround/demo/target/classes started by renliang in /Users/renliang/Desktop/playGround/demo)
2019-09-08 21:55:00.972  INFO 99508 --- [main] com.example.demo.DemoApplication         : No active profile set, falling back to default profiles: default
2019-09-08 21:55:03.988  INFO 99508 --- [main] o.apache.catalina.core.StandardService   : Starting service [Tomcat]
2019-09-08 21:55:03.989  INFO 99508 --- [main] org.apache.catalina.core.StandardEngine  : Starting Servlet engine: [Apache Tomcat/9.0.24]
2019-09-08 21:55:04.382  INFO 99508 --- [main] o.a.c.c.C.[Tomcat].[localhost].[/]       : Initializing Spring embedded WebApplicationContext
2019-09-08 21:55:04.907  INFO 99508 --- [main] com.zaxxer.hikari.HikariDataSource       : HikariPool-1 - Starting...
2019-09-08 21:55:05.392  INFO 99508 --- [main] com.zaxxer.hikari.HikariDataSource       : HikariPool-1 - Start completed.
2019-09-08 21:55:06.301  INFO 99508 --- [main] com.example.demo.DemoApplication         : Started DemoApplication in 7.817 seconds (JVM running for 10.006)
2019-09-08 21:55:50.578  INFO 99508 --- [Thread-4] com.zaxxer.hikari.HikariDataSource       : HikariPool-1 - Shutdown initiated...
2019-09-08 21:55:50.583  INFO 99508 --- [Thread-4] com.zaxxer.hikari.HikariDataSource       : HikariPool-1 - Shutdown completed.
2019-09-08 21:56:29.113  INFO 99742 --- [main] c.e.d.integrations.DemoApplicationTests  : Starting DemoApplicationTests on renliangdeMacBook-Pro.local with PID 99742 (started by renliang in /Users/renliang/Desktop/playGround/demo)
2019-09-08 21:56:29.115  INFO 99742 --- [main] c.e.d.integrations.DemoApplicationTests  : No active profile set, falling back to default profiles: default
2019-09-08 21:56:32.039  INFO 99742 --- [main] o.apache.catalina.core.StandardService   : Starting service [Tomcat]
2019-09-08 21:56:32.040  INFO 99742 --- [main] org.apache.catalina.core.StandardEngine  : Starting Servlet engine: [Apache Tomcat/9.0.24]
2019-09-08 21:56:32.437  INFO 99742 --- [main] o.a.c.c.C.[Tomcat].[localhost].[/]       : Initializing Spring embedded WebApplicationContext
2019-09-08 21:56:33.376  INFO 99742 --- [main] com.zaxxer.hikari.HikariDataSource       : HikariPool-1 - Starting...
2019-09-08 21:56:33.966  INFO 99742 --- [main] com.zaxxer.hikari.HikariDataSource       : HikariPool-1 - Start completed.
2019-09-08 21:56:35.086  INFO 99742 --- [main] c.e.d.integrations.DemoApplicationTests  : Started DemoApplicationTests in 7.737 seconds (JVM running for 11.183)
2019-09-08 21:56:37.521  INFO 99742 --- [Thread-4] com.zaxxer.hikari.HikariDataSource       : HikariPool-1 - Shutdown initiated...
2019-09-08 21:56:37.527  INFO 99742 --- [Thread-4] com.zaxxer.hikari.HikariDataSource       : HikariPool-1 - Shutdown completed.
2019-09-08 21:57:18.475  INFO 99891 --- [main] c.e.d.integrations.DemoApplicationTests  : Starting DemoApplicationTests on renliangdeMacBook-Pro.local with PID 99891 (started by renliang in /Users/renliang/Desktop/playGround/demo)
2019-09-08 21:57:18.479  INFO 99891 --- [main] c.e.d.integrations.DemoApplicationTests  : No active profile set, falling back to default profiles: default
2019-09-08 21:57:20.871  INFO 99891 --- [main] o.apache.catalina.core.StandardService   : Starting service [Tomcat]
2019-09-08 21:57:20.872  INFO 99891 --- [main] org.apache.catalina.core.StandardEngine  : Starting Servlet engine: [Apache Tomcat/9.0.24]
2019-09-08 21:57:21.153  INFO 99891 --- [main] o.a.c.c.C.[Tomcat].[localhost].[/]       : Initializing Spring embedded WebApplicationContext
2019-09-08 21:57:21.877  INFO 99891 --- [main] com.zaxxer.hikari.HikariDataSource       : HikariPool-1 - Starting...
2019-09-08 21:57:22.258  INFO 99891 --- [main] com.zaxxer.hikari.HikariDataSource       : HikariPool-1 - Start completed.
2019-09-08 21:57:23.357  INFO 99891 --- [main] c.e.d.integrations.DemoApplicationTests  : Started DemoApplicationTests in 6.1 seconds (JVM running for 7.359)
2019-09-08 21:57:25.374  INFO 99891 --- [Thread-4] com.zaxxer.hikari.HikariDataSource       : HikariPool-1 - Shutdown initiated...
2019-09-08 21:57:25.380  INFO 99891 --- [Thread-4] com.zaxxer.hikari.HikariDataSource       : HikariPool-1 - Shutdown completed.
